Using pre-set license
Built from '2020.3/staging' branch; Version is '2020.3.18f1 (a7d1c678663c) revision 10998214'; Using compiler version '192528614'; Build Type 'Release'
OS: 'Windows 10 Home; OS build 22000.675; Version 2009; 64bit' Language: 'en' Physical Memory: 16297 MB
BatchMode: 1, IsHumanControllingUs: 0, StartBugReporterOnCrash: 0, Is64bit: 1, IsPro: 0

COMMAND LINE ARGUMENTS:
C:\Program Files\Unity\Hub\Editor\2020.3.18f1\Editor\Unity.exe
-adb2
-batchMode
-noUpm
-name
AssetImportWorker0
-projectPath
C:/Users/Dunlo/OneDrive/Desktop/CreateVRWorlds/GitHub/Space-Bar/Space Bar
-logFile
Logs/AssetImportWorker0.log
-srvPort
53615
Successfully changed project path to: C:/Users/Dunlo/OneDrive/Desktop/CreateVRWorlds/GitHub/Space-Bar/Space Bar
C:/Users/Dunlo/OneDrive/Desktop/CreateVRWorlds/GitHub/Space-Bar/Space Bar
Using Asset Import Pipeline V2.
Refreshing native plugins compatible for Editor in 51.09 ms, found 9 plugins.
Preloading 5 native plugins for Editor in 2.01 ms.
Initialize engine version: 2020.3.18f1 (a7d1c678663c)
[Subsystems] Discovering subsystems at path C:/Program Files/Unity/Hub/Editor/2020.3.18f1/Editor/Data/Resources/UnitySubsystems
[Subsystems] Discovering subsystems at path C:/Users/Dunlo/OneDrive/Desktop/CreateVRWorlds/GitHub/Space-Bar/Space Bar/Assets
GfxDevice: creating device client; threaded=0
Direct3D:
    Version:  Direct3D 11.0 [level 11.1]
    Renderer: NVIDIA GeForce RTX 3060 Ti (ID=0x2489)
    Vendor:   
    VRAM:     8050 MB
    Driver:   30.0.15.1295
Initialize mono
Mono path[0] = 'C:/Program Files/Unity/Hub/Editor/2020.3.18f1/Editor/Data/Managed'
Mono path[1] = 'C:/Program Files/Unity/Hub/Editor/2020.3.18f1/Editor/Data/MonoBleedingEdge/lib/mono/unityjit'
Mono config path = 'C:/Program Files/Unity/Hub/Editor/2020.3.18f1/Editor/Data/MonoBleedingEdge/etc'
Using monoOptions --debugger-agent=transport=dt_socket,embedding=1,server=y,suspend=n,address=127.0.0.1:56596
Begin MonoManager ReloadAssembly
Registering precompiled unity dll's ...
Register platform support module: C:/Program Files/Unity/Hub/Editor/2020.3.18f1/Editor/Data/PlaybackEngines/MacStandaloneSupport/UnityEditor.OSXStandalone.Extensions.dll
Register platform support module: C:/Program Files/Unity/Hub/Editor/2020.3.18f1/Editor/Data/PlaybackEngines/WindowsStandaloneSupport/UnityEditor.WindowsStandalone.Extensions.dll
Registered in 0.002262 seconds.
Native extension for WindowsStandalone target not found
Native extension for OSXStandalone target not found
Refreshing native plugins compatible for Editor in 38.29 ms, found 9 plugins.
Preloading 5 native plugins for Editor in 0.38 ms.
Mono: successfully reloaded assembly
- Completed reload, in  1.584 seconds
Domain Reload Profiling:
	ReloadAssembly (1584ms)
		BeginReloadAssembly (41ms)
			ExecutionOrderSort (0ms)
			DisableScriptedObjects (0ms)
			BackupInstance (0ms)
			ReleaseScriptingObjects (0ms)
			CreateAndSetChildDomain (1ms)
		EndReloadAssembly (284ms)
			LoadAssemblies (38ms)
			RebuildTransferFunctionScriptingTraits (0ms)
			SetupTypeCache (89ms)
			ReleaseScriptCaches (0ms)
			RebuildScriptCaches (18ms)
			SetupLoadedEditorAssemblies (124ms)
				LogAssemblyErrors (0ms)
				InitializePlatformSupportModulesInManaged (3ms)
				SetLoadedEditorAssemblies (0ms)
				RefreshPlugins (39ms)
				BeforeProcessingInitializeOnLoad (6ms)
				ProcessInitializeOnLoadAttributes (58ms)
				ProcessInitializeOnLoadMethodAttributes (19ms)
				AfterProcessingInitializeOnLoad (0ms)
				EditorAssembliesLoaded (0ms)
			ExecutionOrderSort2 (0ms)
			AwakeInstancesAfterBackupRestoration (0ms)
Platform modules already initialized, skipping
Registering precompiled user dll's ...
Registered in 0.017889 seconds.
Begin MonoManager ReloadAssembly
Native extension for WindowsStandalone target not found
Native extension for OSXStandalone target not found
Refreshing native plugins compatible for Editor in 37.75 ms, found 9 plugins.
Preloading 5 native plugins for Editor in 0.35 ms.
[XR] OculusXRPlugin: registering subsystems
[XR] Unable to register display lifecyle provider: [1]
[XR] Oculus Input lifecycle provider registered.
[XR] Unable to register input lifecyle provider: [1]
System.Reflection.TargetInvocationException: Exception has been thrown by the target of an invocation. ---> System.NullReferenceException: Object reference not set to an instance of an object
  at Unity.XR.Oculus.OculusLoader.AssetPathToAbsolutePath (System.String assetPath) [0x00048] in C:\Users\Dunlo\OneDrive\Desktop\CreateVRWorlds\GitHub\Space-Bar\Space Bar\Library\PackageCache\com.unity.xr.oculus@1.10.0\Runtime\OculusLoader.cs:250 
  at Unity.XR.Oculus.OculusLoader.EditorLoadOVRPlugin () [0x0007b] in C:\Users\Dunlo\OneDrive\Desktop\CreateVRWorlds\GitHub\Space-Bar\Space Bar\Library\PackageCache\com.unity.xr.oculus@1.10.0\Runtime\OculusLoader.cs:235 
  at (wrapper managed-to-native) System.Reflection.MonoMethod.InternalInvoke(System.Reflection.MonoMethod,object,object[],System.Exception&)
  at System.Reflection.MonoMethod.Invoke (System.Object obj, System.Reflection.BindingFlags invokeAttr, System.Reflection.Binder binder, System.Object[] parameters, System.Globalization.CultureInfo culture) [0x00032] in <695d1cc93cca45069c528c15c9fdd749>:0 
   --- End of inner exception stack trace ---
  at System.Reflection.MonoMethod.Invoke (System.Object obj, System.Reflection.BindingFlags invokeAttr, System.Reflection.Binder binder, System.Object[] parameters, System.Globalization.CultureInfo culture) [0x00048] in <695d1cc93cca45069c528c15c9fdd749>:0 
  at System.Reflection.MethodBase.Invoke (System.Object obj, System.Object[] parameters) [0x00000] in <695d1cc93cca45069c528c15c9fdd749>:0 
  at UnityEditor.EditorAssemblies.ProcessInitializeOnLoadMethodAttributes () [0x00047] in <5ad584e208e14caaa9e6b2e6027e9204>:0 
UnityEngine.StackTraceUtility:ExtractStackTrace ()
UnityEngine.DebugLogHandler:LogFormat (UnityEngine.LogType,UnityEngine.Object,string,object[])
UnityEngine.Logger:Log (UnityEngine.LogType,object)
UnityEngine.Debug:LogError (object)
UnityEditor.EditorAssemblies:ProcessInitializeOnLoadMethodAttributes ()

Mono: successfully reloaded assembly
- Completed reload, in  0.828 seconds
Domain Reload Profiling:
	ReloadAssembly (828ms)
		BeginReloadAssembly (89ms)
			ExecutionOrderSort (0ms)
			DisableScriptedObjects (3ms)
			BackupInstance (0ms)
			ReleaseScriptingObjects (0ms)
			CreateAndSetChildDomain (12ms)
		EndReloadAssembly (693ms)
			LoadAssemblies (82ms)
			RebuildTransferFunctionScriptingTraits (0ms)
			SetupTypeCache (227ms)
			ReleaseScriptCaches (0ms)
			RebuildScriptCaches (32ms)
			SetupLoadedEditorAssemblies (258ms)
				LogAssemblyErrors (0ms)
				InitializePlatformSupportModulesInManaged (4ms)
				SetLoadedEditorAssemblies (0ms)
				RefreshPlugins (38ms)
				BeforeProcessingInitializeOnLoad (58ms)
				ProcessInitializeOnLoadAttributes (140ms)
				ProcessInitializeOnLoadMethodAttributes (11ms)
				AfterProcessingInitializeOnLoad (8ms)
				EditorAssembliesLoaded (0ms)
			ExecutionOrderSort2 (0ms)
			AwakeInstancesAfterBackupRestoration (4ms)
Platform modules already initialized, skipping
========================================================================
Worker process is ready to serve import requests
Launched and connected shader compiler UnityShaderCompiler.exe after 0.02 seconds
Refreshing native plugins compatible for Editor in 0.66 ms, found 9 plugins.
Preloading 5 native plugins for Editor in 0.42 ms.
Unloading 2798 Unused Serialized files (Serialized files now loaded: 0)
System memory in use before: 123.4 MB.
System memory in use after: 123.6 MB.

Unloading 40 unused Assets to reduce memory usage. Loaded Objects now: 3220.
Total: 2.446600 ms (FindLiveObjects: 0.223200 ms CreateObjectMapping: 0.069200 ms MarkObjects: 2.094400 ms  DeleteObjects: 0.059100 ms)

AssetImportParameters requested are different than current active one (requested -> active):
  custom:framework-win-MediaFoundation: 216162199b28c13a410421893ffa2e32 -> 
  custom:video-decoder-ogg-theora: a1e56fd34408186e4bbccfd4996cb3dc -> 
  custom:container-muxer-webm: aa71ff27fc2769a1b78a27578f13a17b -> 
  custom:container-demuxer-webm: 4f35f7cbe854078d1ac9338744f61a02 -> 
  custom:container-demuxer-ogg: 62fdf1f143b41e24485cea50d1cbac27 -> 
  custom:video-encoder-webm-vp8: eb34c28f22e8b96e1ab97ce403110664 -> 
  custom:video-decoder-webm-vp8: 9c59270c3fd7afecdb556c50c9e8de78 -> 
  custom:audio-decoder-ogg-vorbis: bf7c407c2cedff20999df2af8eb42d56 -> 
  custom:audio-encoder-webm-vorbis: bf7c407c2cedff20999df2af8eb42d56 -> 
========================================================================
Received Import Request.
  path: Assets/DiverseSpace/Material
  artifactKey: Guid(4fe4057fa86783841b76146d300e17a2) Importer(815301076,1909f56bfc062723c751e8b465ee728b)
Start importing Assets/DiverseSpace/Material using Guid(4fe4057fa86783841b76146d300e17a2) Importer(815301076,1909f56bfc062723c751e8b465ee728b)  -> (artifact id: '7a68f12d69c0d5fd03eb71ee3331ce6b') in 0.005013 seconds 
  Import took 0.008737 seconds .

========================================================================
Received Import Request.
  Time since last request: 0.000103 seconds.
  path: Assets/DiverseSpace/Material/DiverseSpaceMaterial.mat
  artifactKey: Guid(a4be220830e90ea4eb88b48b7fd376ce) Importer(815301076,1909f56bfc062723c751e8b465ee728b)
Start importing Assets/DiverseSpace/Material/DiverseSpaceMaterial.mat using Guid(a4be220830e90ea4eb88b48b7fd376ce) Importer(815301076,1909f56bfc062723c751e8b465ee728b)  -> (artifact id: 'ea57177e2d5a9736f4bc6467031c2b2e') in 0.196870 seconds 
  Import took 0.200833 seconds .

========================================================================
Received Import Request.
  Time since last request: 15.636561 seconds.
  path: Assets/DiverseSpace/Textures/diversespace-back.tif
  artifactKey: Guid(5aaf7cd74552c9440b96748a185216d0) Importer(815301076,1909f56bfc062723c751e8b465ee728b)
Start importing Assets/DiverseSpace/Textures/diversespace-back.tif using Guid(5aaf7cd74552c9440b96748a185216d0) Importer(815301076,1909f56bfc062723c751e8b465ee728b)  -> (artifact id: '1c6eb7f85159dcd8832271c44f7180f0') in 0.017399 seconds 
  Import took 0.021537 seconds .

========================================================================
Received Import Request.
  Time since last request: 0.000117 seconds.
  path: Assets/DiverseSpace/Textures/diversespace-down.tif
  artifactKey: Guid(fa631bed8c5ce2043816f9b7e09bc255) Importer(815301076,1909f56bfc062723c751e8b465ee728b)
Start importing Assets/DiverseSpace/Textures/diversespace-down.tif using Guid(fa631bed8c5ce2043816f9b7e09bc255) Importer(815301076,1909f56bfc062723c751e8b465ee728b)  -> (artifact id: 'e36cb538f519dd685144900984cebb0f') in 0.007208 seconds 
  Import took 0.011100 seconds .

========================================================================
Received Import Request.
  Time since last request: 0.000114 seconds.
  path: Assets/DiverseSpace/Textures/diversespace-up.tif
  artifactKey: Guid(bccfe129d6c46dd42a2332a24a0ea3cc) Importer(815301076,1909f56bfc062723c751e8b465ee728b)
Start importing Assets/DiverseSpace/Textures/diversespace-up.tif using Guid(bccfe129d6c46dd42a2332a24a0ea3cc) Importer(815301076,1909f56bfc062723c751e8b465ee728b)  -> (artifact id: '4cfc31030ae6ecf1c3b9acd78cc66c68') in 0.009282 seconds 
  Import took 0.013250 seconds .

========================================================================
Received Import Request.
  Time since last request: 0.000115 seconds.
  path: Assets/DiverseSpace/Textures/diversespace-down.tif
  artifactKey: Guid(fa631bed8c5ce2043816f9b7e09bc255) Importer(815301076,1909f56bfc062723c751e8b465ee728b)
Start importing Assets/DiverseSpace/Textures/diversespace-down.tif using Guid(fa631bed8c5ce2043816f9b7e09bc255) Importer(815301076,1909f56bfc062723c751e8b465ee728b)  -> (artifact id: 'e36cb538f519dd685144900984cebb0f') in 0.008661 seconds 
  Import took 0.012277 seconds .

========================================================================
Received Import Request.
  Time since last request: 0.000109 seconds.
  path: Assets/DiverseSpace/Textures/diversespace-left.tif
  artifactKey: Guid(608a51bfce29a174aa86b692c9ff38b3) Importer(815301076,1909f56bfc062723c751e8b465ee728b)
Start importing Assets/DiverseSpace/Textures/diversespace-left.tif using Guid(608a51bfce29a174aa86b692c9ff38b3) Importer(815301076,1909f56bfc062723c751e8b465ee728b)  -> (artifact id: 'c446ad0bb1017307cf0a44328ac1b932') in 0.007058 seconds 
  Import took 0.010476 seconds .

========================================================================
Received Import Request.
  Time since last request: 0.000095 seconds.
  path: Assets/DiverseSpace/Textures/diversespace-right.tif
  artifactKey: Guid(b83ed05e17bb80a4d960bfc607d24c45) Importer(815301076,1909f56bfc062723c751e8b465ee728b)
Start importing Assets/DiverseSpace/Textures/diversespace-right.tif using Guid(b83ed05e17bb80a4d960bfc607d24c45) Importer(815301076,1909f56bfc062723c751e8b465ee728b)  -> (artifact id: '4b031c86e4658a3054312ca73e83e3da') in 0.009751 seconds 
  Import took 0.012953 seconds .

========================================================================
Received Import Request.
  Time since last request: 0.000111 seconds.
  path: Assets/DiverseSpace/Textures/diversespace-front.tif
  artifactKey: Guid(52915f992843f8247b7efd2a65b1b998) Importer(815301076,1909f56bfc062723c751e8b465ee728b)
Start importing Assets/DiverseSpace/Textures/diversespace-front.tif using Guid(52915f992843f8247b7efd2a65b1b998) Importer(815301076,1909f56bfc062723c751e8b465ee728b)  -> (artifact id: '97f686f821a5f47ded75914b2086eac4') in 0.009633 seconds 
  Import took 0.013152 seconds .

========================================================================
Received Import Request.
  Time since last request: 315.267645 seconds.
  path: Assets/Import/Nightclub_Bloom_Unit
  artifactKey: Guid(63ca8ec16d595374081b611cd60cdc77) Importer(815301076,1909f56bfc062723c751e8b465ee728b)
Start importing Assets/Import/Nightclub_Bloom_Unit using Guid(63ca8ec16d595374081b611cd60cdc77) Importer(815301076,1909f56bfc062723c751e8b465ee728b)  -> (artifact id: '3e3d920cf4430a9b99750ca78c1c7bc3') in 0.001976 seconds 
  Import took 0.006806 seconds .

========================================================================
Received Import Request.
  Time since last request: 0.069621 seconds.
  path: Assets/Import/Nightclub_Bloom_Unit/Nightclub_Bloom_Unit.prefab
  artifactKey: Guid(523fe79f10dd8ec419cefd33806093f0) Importer(815301076,1909f56bfc062723c751e8b465ee728b)
Start importing Assets/Import/Nightclub_Bloom_Unit/Nightclub_Bloom_Unit.prefab using Guid(523fe79f10dd8ec419cefd33806093f0) Importer(815301076,1909f56bfc062723c751e8b465ee728b)  -> (artifact id: '8d00f73ec46daf140a18b59890308824') in 0.007734 seconds 
  Import took 0.012417 seconds .

========================================================================
Received Prepare
Refreshing native plugins compatible for Editor in 13.30 ms, found 9 plugins.
Preloading 5 native plugins for Editor in 0.37 ms.
Unloading 49 Unused Serialized files (Serialized files now loaded: 0)
System memory in use before: 68.0 MB.
System memory in use after: 68.2 MB.

Unloading 33 unused Assets to reduce memory usage. Loaded Objects now: 3278.
Total: 3.534400 ms (FindLiveObjects: 0.241400 ms CreateObjectMapping: 0.114500 ms MarkObjects: 3.122800 ms  DeleteObjects: 0.055100 ms)

AssetImportParameters requested are different than current active one (requested -> active):
  custom:framework-win-MediaFoundation: 216162199b28c13a410421893ffa2e32 -> 
  custom:video-decoder-ogg-theora: a1e56fd34408186e4bbccfd4996cb3dc -> 
  custom:container-muxer-webm: aa71ff27fc2769a1b78a27578f13a17b -> 
  custom:container-demuxer-webm: 4f35f7cbe854078d1ac9338744f61a02 -> 
  custom:container-demuxer-ogg: 62fdf1f143b41e24485cea50d1cbac27 -> 
  custom:video-encoder-webm-vp8: eb34c28f22e8b96e1ab97ce403110664 -> 
  custom:video-decoder-webm-vp8: 9c59270c3fd7afecdb556c50c9e8de78 -> 
  custom:audio-decoder-ogg-vorbis: bf7c407c2cedff20999df2af8eb42d56 -> 
  custom:audio-encoder-webm-vorbis: bf7c407c2cedff20999df2af8eb42d56 -> 
========================================================================
Received Prepare
Switching render pipeline 00000000000000000000000000000000 -> 8e0f1dd80e65eb2488c91d5c7e562baf
Refreshing native plugins compatible for Editor in 10.15 ms, found 9 plugins.
Preloading 5 native plugins for Editor in 0.33 ms.
Unloading 81 Unused Serialized files (Serialized files now loaded: 0)
System memory in use before: 72.2 MB.
System memory in use after: 72.4 MB.

Unloading 33 unused Assets to reduce memory usage. Loaded Objects now: 3326.
Total: 3.038900 ms (FindLiveObjects: 0.225400 ms CreateObjectMapping: 0.099500 ms MarkObjects: 2.670700 ms  DeleteObjects: 0.042900 ms)

AssetImportParameters requested are different than current active one (requested -> active):
  colorSpace: 1 -> 0
  custom:framework-win-MediaFoundation: 216162199b28c13a410421893ffa2e32 -> 
  custom:video-decoder-ogg-theora: a1e56fd34408186e4bbccfd4996cb3dc -> 
  custom:container-muxer-webm: aa71ff27fc2769a1b78a27578f13a17b -> 
  custom:container-demuxer-webm: 4f35f7cbe854078d1ac9338744f61a02 -> 
  custom:container-demuxer-ogg: 62fdf1f143b41e24485cea50d1cbac27 -> 
  custom:video-encoder-webm-vp8: eb34c28f22e8b96e1ab97ce403110664 -> 
  custom:video-decoder-webm-vp8: 9c59270c3fd7afecdb556c50c9e8de78 -> 
  custom:audio-decoder-ogg-vorbis: bf7c407c2cedff20999df2af8eb42d56 -> 
  custom:audio-encoder-webm-vorbis: bf7c407c2cedff20999df2af8eb42d56 -> 
========================================================================
Received Import Request.
  Time since last request: 1221.127721 seconds.
  path: Assets/Import/Nightclub_Bloom_Unit/textures
  artifactKey: Guid(2f5a0643b0a4a0547b059ad45b60a043) Importer(815301076,1909f56bfc062723c751e8b465ee728b)
Start importing Assets/Import/Nightclub_Bloom_Unit/textures using Guid(2f5a0643b0a4a0547b059ad45b60a043) Importer(815301076,1909f56bfc062723c751e8b465ee728b)  -> (artifact id: 'c7426f82ef6b6630e1ab9d9f381e4a60') in 0.001981 seconds 
  Import took 0.006398 seconds .

========================================================================
Received Import Request.
  Time since last request: 0.718451 seconds.
  path: Assets/Import/Nightclub_Bloom_Unit/textures/bu_bamboo_carbonized_matte_baseColor_8.png
  artifactKey: Guid(8fdc05ce00e134a409d1c237d226aadd) Importer(815301076,1909f56bfc062723c751e8b465ee728b)
Start importing Assets/Import/Nightclub_Bloom_Unit/textures/bu_bamboo_carbonized_matte_baseColor_8.png using Guid(8fdc05ce00e134a409d1c237d226aadd) Importer(815301076,1909f56bfc062723c751e8b465ee728b)  -> (artifact id: 'eb5ae176827da34ec1f4f5372c957544') in 0.013871 seconds 
  Import took 0.018476 seconds .

========================================================================
Received Import Request.
  Time since last request: 0.000119 seconds.
  path: Assets/Import/Nightclub_Bloom_Unit/textures/bu_wenge_matte_baseColor_0.png
  artifactKey: Guid(d95003fca0d043b49ab06f555b9f7cef) Importer(815301076,1909f56bfc062723c751e8b465ee728b)
Start importing Assets/Import/Nightclub_Bloom_Unit/textures/bu_wenge_matte_baseColor_0.png using Guid(d95003fca0d043b49ab06f555b9f7cef) Importer(815301076,1909f56bfc062723c751e8b465ee728b)  -> (artifact id: '187f4abad0c76fe812779c1907eb098f') in 0.005655 seconds 
  Import took 0.009966 seconds .

========================================================================
Received Import Request.
  Time since last request: 0.000111 seconds.
  path: Assets/Import/Nightclub_Bloom_Unit/textures/bu_shiny_green_marble_baseColor_4.png
  artifactKey: Guid(19b1117f25698504498dae81e8ce0b6c) Importer(815301076,1909f56bfc062723c751e8b465ee728b)
Start importing Assets/Import/Nightclub_Bloom_Unit/textures/bu_shiny_green_marble_baseColor_4.png using Guid(19b1117f25698504498dae81e8ce0b6c) Importer(815301076,1909f56bfc062723c751e8b465ee728b)  -> (artifact id: 'fb98bfff8e85e9312a2bad9cfcdd9d48') in 0.007393 seconds 
  Import took 0.011953 seconds .

========================================================================
Received Import Request.
  Time since last request: 0.000111 seconds.
  path: Assets/Import/Nightclub_Bloom_Unit/textures/bu_large_brown_outdoor_wall_tile_baseColor_3.png
  artifactKey: Guid(b3292a66a5b0e5e4d847ea90f6d215c7) Importer(815301076,1909f56bfc062723c751e8b465ee728b)
Start importing Assets/Import/Nightclub_Bloom_Unit/textures/bu_large_brown_outdoor_wall_tile_baseColor_3.png using Guid(b3292a66a5b0e5e4d847ea90f6d215c7) Importer(815301076,1909f56bfc062723c751e8b465ee728b)  -> (artifact id: '06c1c7d98b6694496c48f67fb8f24bbd') in 0.006455 seconds 
  Import took 0.010586 seconds .

========================================================================
Received Import Request.
  Time since last request: 0.000095 seconds.
  path: Assets/Import/Nightclub_Bloom_Unit/textures/bu_vertical_timber_slatting_matte_baseColor_5.png
  artifactKey: Guid(cf6edc80b5160b14c99a66ee2c12c57d) Importer(815301076,1909f56bfc062723c751e8b465ee728b)
Start importing Assets/Import/Nightclub_Bloom_Unit/textures/bu_vertical_timber_slatting_matte_baseColor_5.png using Guid(cf6edc80b5160b14c99a66ee2c12c57d) Importer(815301076,1909f56bfc062723c751e8b465ee728b)  -> (artifact id: '419f8862ac81847a4af123944cada24f') in 0.009828 seconds 
  Import took 0.013737 seconds .

========================================================================
Received Import Request.
  Time since last request: 0.000108 seconds.
  path: Assets/Import/Nightclub_Bloom_Unit/textures/bu_mahogany_floorboards_baseColor_2.png
  artifactKey: Guid(520b65ccd25f66f4ea9c1b7de3ce27c6) Importer(815301076,1909f56bfc062723c751e8b465ee728b)
Start importing Assets/Import/Nightclub_Bloom_Unit/textures/bu_mahogany_floorboards_baseColor_2.png using Guid(520b65ccd25f66f4ea9c1b7de3ce27c6) Importer(815301076,1909f56bfc062723c751e8b465ee728b)  -> (artifact id: '7e86aa3c8b981115f90271dacb501dd9') in 0.008147 seconds 
  Import took 0.012149 seconds .

========================================================================
Received Import Request.
  Time since last request: 0.000104 seconds.
  path: Assets/Import/Nightclub_Bloom_Unit/textures/bu_dirt_rich_baseColor_7.png
  artifactKey: Guid(1c835c015321e334899923ac0696d297) Importer(815301076,1909f56bfc062723c751e8b465ee728b)
Start importing Assets/Import/Nightclub_Bloom_Unit/textures/bu_dirt_rich_baseColor_7.png using Guid(1c835c015321e334899923ac0696d297) Importer(815301076,1909f56bfc062723c751e8b465ee728b)  -> (artifact id: '0eae899e7d6845db5cb831428abad09d') in 0.007111 seconds 
  Import took 0.011836 seconds .

========================================================================
Received Import Request.
  Time since last request: 0.000114 seconds.
  path: Assets/Import/Nightclub_Bloom_Unit/textures/bu_large_sandstone_tiles_baseColor_6.png
  artifactKey: Guid(1f90af391f64f5541bf6f3cee4050ea2) Importer(815301076,1909f56bfc062723c751e8b465ee728b)
Start importing Assets/Import/Nightclub_Bloom_Unit/textures/bu_large_sandstone_tiles_baseColor_6.png using Guid(1f90af391f64f5541bf6f3cee4050ea2) Importer(815301076,1909f56bfc062723c751e8b465ee728b)  -> (artifact id: '796556178bc7fc3d995cdd43d941b074') in 0.006412 seconds 
  Import took 0.009990 seconds .

========================================================================
Received Import Request.
  Time since last request: 0.000105 seconds.
  path: Assets/Import/Nightclub_Bloom_Unit/textures/bu_brown_wall_tiles_baseColor_1.png
  artifactKey: Guid(7a34c39cb7284834cbb71fc841badde0) Importer(815301076,1909f56bfc062723c751e8b465ee728b)
Start importing Assets/Import/Nightclub_Bloom_Unit/textures/bu_brown_wall_tiles_baseColor_1.png using Guid(7a34c39cb7284834cbb71fc841badde0) Importer(815301076,1909f56bfc062723c751e8b465ee728b)  -> (artifact id: 'dae787ee854ab432287da24a90bbdfc5') in 0.005933 seconds 
  Import took 0.009458 seconds .

========================================================================
Received Import Request.
  Time since last request: 0.002065 seconds.
  path: Assets/Import/Nightclub_Bloom_Unit/textures/bu_brown_wall_tiles_baseColor_1.png
  artifactKey: Guid(7a34c39cb7284834cbb71fc841badde0) Importer(815301076,1909f56bfc062723c751e8b465ee728b)
Start importing Assets/Import/Nightclub_Bloom_Unit/textures/bu_brown_wall_tiles_baseColor_1.png using Guid(7a34c39cb7284834cbb71fc841badde0) Importer(815301076,1909f56bfc062723c751e8b465ee728b)  -> (artifact id: 'dae787ee854ab432287da24a90bbdfc5') in 0.007707 seconds 
  Import took 0.011423 seconds .

========================================================================
Received Prepare
Refreshing native plugins compatible for Editor in 12.50 ms, found 9 plugins.
Preloading 5 native plugins for Editor in 0.49 ms.
Unloading 33 Unused Serialized files (Serialized files now loaded: 0)
System memory in use before: 69.4 MB.
System memory in use after: 69.6 MB.

Unloading 33 unused Assets to reduce memory usage. Loaded Objects now: 3327.
Total: 4.464500 ms (FindLiveObjects: 0.293900 ms CreateObjectMapping: 0.140400 ms MarkObjects: 3.991200 ms  DeleteObjects: 0.037100 ms)

AssetImportParameters requested are different than current active one (requested -> active):
  custom:framework-win-MediaFoundation: 216162199b28c13a410421893ffa2e32 -> 
  custom:video-decoder-ogg-theora: a1e56fd34408186e4bbccfd4996cb3dc -> 
  custom:container-muxer-webm: aa71ff27fc2769a1b78a27578f13a17b -> 
  custom:container-demuxer-webm: 4f35f7cbe854078d1ac9338744f61a02 -> 
  custom:container-demuxer-ogg: 62fdf1f143b41e24485cea50d1cbac27 -> 
  custom:video-encoder-webm-vp8: eb34c28f22e8b96e1ab97ce403110664 -> 
  custom:video-decoder-webm-vp8: 9c59270c3fd7afecdb556c50c9e8de78 -> 
  custom:audio-decoder-ogg-vorbis: bf7c407c2cedff20999df2af8eb42d56 -> 
  custom:audio-encoder-webm-vorbis: bf7c407c2cedff20999df2af8eb42d56 -> 
========================================================================
Received Prepare
Refreshing native plugins compatible for Editor in 9.12 ms, found 9 plugins.
Preloading 5 native plugins for Editor in 0.30 ms.
Unloading 33 Unused Serialized files (Serialized files now loaded: 0)
System memory in use before: 69.4 MB.
System memory in use after: 69.6 MB.

Unloading 33 unused Assets to reduce memory usage. Loaded Objects now: 3327.
Total: 2.767700 ms (FindLiveObjects: 0.195500 ms CreateObjectMapping: 0.085100 ms MarkObjects: 2.456800 ms  DeleteObjects: 0.029800 ms)

AssetImportParameters requested are different than current active one (requested -> active):
  custom:framework-win-MediaFoundation: 216162199b28c13a410421893ffa2e32 -> 
  custom:video-decoder-ogg-theora: a1e56fd34408186e4bbccfd4996cb3dc -> 
  custom:container-muxer-webm: aa71ff27fc2769a1b78a27578f13a17b -> 
  custom:container-demuxer-webm: 4f35f7cbe854078d1ac9338744f61a02 -> 
  custom:container-demuxer-ogg: 62fdf1f143b41e24485cea50d1cbac27 -> 
  custom:video-encoder-webm-vp8: eb34c28f22e8b96e1ab97ce403110664 -> 
  custom:video-decoder-webm-vp8: 9c59270c3fd7afecdb556c50c9e8de78 -> 
  custom:audio-decoder-ogg-vorbis: bf7c407c2cedff20999df2af8eb42d56 -> 
  custom:audio-encoder-webm-vorbis: bf7c407c2cedff20999df2af8eb42d56 -> 
========================================================================
Received Prepare
Refreshing native plugins compatible for Editor in 9.72 ms, found 9 plugins.
Preloading 5 native plugins for Editor in 0.31 ms.
Unloading 33 Unused Serialized files (Serialized files now loaded: 0)
System memory in use before: 69.4 MB.
System memory in use after: 69.6 MB.

Unloading 33 unused Assets to reduce memory usage. Loaded Objects now: 3327.
Total: 2.759500 ms (FindLiveObjects: 0.201600 ms CreateObjectMapping: 0.092500 ms MarkObjects: 2.433200 ms  DeleteObjects: 0.031700 ms)

AssetImportParameters requested are different than current active one (requested -> active):
  custom:framework-win-MediaFoundation: 216162199b28c13a410421893ffa2e32 -> 
  custom:video-decoder-ogg-theora: a1e56fd34408186e4bbccfd4996cb3dc -> 
  custom:container-muxer-webm: aa71ff27fc2769a1b78a27578f13a17b -> 
  custom:container-demuxer-webm: 4f35f7cbe854078d1ac9338744f61a02 -> 
  custom:container-demuxer-ogg: 62fdf1f143b41e24485cea50d1cbac27 -> 
  custom:video-encoder-webm-vp8: eb34c28f22e8b96e1ab97ce403110664 -> 
  custom:video-decoder-webm-vp8: 9c59270c3fd7afecdb556c50c9e8de78 -> 
  custom:audio-decoder-ogg-vorbis: bf7c407c2cedff20999df2af8eb42d56 -> 
  custom:audio-encoder-webm-vorbis: bf7c407c2cedff20999df2af8eb42d56 -> 
========================================================================
Received Prepare
Refreshing native plugins compatible for Editor in 10.82 ms, found 9 plugins.
Preloading 5 native plugins for Editor in 0.35 ms.
Unloading 33 Unused Serialized files (Serialized files now loaded: 0)
System memory in use before: 69.4 MB.
System memory in use after: 69.6 MB.

Unloading 33 unused Assets to reduce memory usage. Loaded Objects now: 3327.
Total: 3.326600 ms (FindLiveObjects: 0.222900 ms CreateObjectMapping: 0.091600 ms MarkObjects: 2.970100 ms  DeleteObjects: 0.041500 ms)

AssetImportParameters requested are different than current active one (requested -> active):
  custom:framework-win-MediaFoundation: 216162199b28c13a410421893ffa2e32 -> 
  custom:video-decoder-ogg-theora: a1e56fd34408186e4bbccfd4996cb3dc -> 
  custom:container-muxer-webm: aa71ff27fc2769a1b78a27578f13a17b -> 
  custom:container-demuxer-webm: 4f35f7cbe854078d1ac9338744f61a02 -> 
  custom:container-demuxer-ogg: 62fdf1f143b41e24485cea50d1cbac27 -> 
  custom:video-encoder-webm-vp8: eb34c28f22e8b96e1ab97ce403110664 -> 
  custom:video-decoder-webm-vp8: 9c59270c3fd7afecdb556c50c9e8de78 -> 
  custom:audio-decoder-ogg-vorbis: bf7c407c2cedff20999df2af8eb42d56 -> 
  custom:audio-encoder-webm-vorbis: bf7c407c2cedff20999df2af8eb42d56 -> 
========================================================================
Received Prepare
Refreshing native plugins compatible for Editor in 8.94 ms, found 9 plugins.
Preloading 5 native plugins for Editor in 0.31 ms.
Unloading 33 Unused Serialized files (Serialized files now loaded: 0)
System memory in use before: 69.4 MB.
System memory in use after: 69.6 MB.

Unloading 33 unused Assets to reduce memory usage. Loaded Objects now: 3327.
Total: 2.983900 ms (FindLiveObjects: 0.202500 ms CreateObjectMapping: 0.058600 ms MarkObjects: 2.681800 ms  DeleteObjects: 0.039900 ms)

AssetImportParameters requested are different than current active one (requested -> active):
  custom:framework-win-MediaFoundation: 216162199b28c13a410421893ffa2e32 -> 
  custom:video-decoder-ogg-theora: a1e56fd34408186e4bbccfd4996cb3dc -> 
  custom:container-muxer-webm: aa71ff27fc2769a1b78a27578f13a17b -> 
  custom:container-demuxer-webm: 4f35f7cbe854078d1ac9338744f61a02 -> 
  custom:container-demuxer-ogg: 62fdf1f143b41e24485cea50d1cbac27 -> 
  custom:video-encoder-webm-vp8: eb34c28f22e8b96e1ab97ce403110664 -> 
  custom:video-decoder-webm-vp8: 9c59270c3fd7afecdb556c50c9e8de78 -> 
  custom:audio-decoder-ogg-vorbis: bf7c407c2cedff20999df2af8eb42d56 -> 
  custom:audio-encoder-webm-vorbis: bf7c407c2cedff20999df2af8eb42d56 -> 
========================================================================
Received Prepare
Refreshing native plugins compatible for Editor in 9.77 ms, found 9 plugins.
Preloading 5 native plugins for Editor in 0.37 ms.
Unloading 33 Unused Serialized files (Serialized files now loaded: 0)
System memory in use before: 69.4 MB.
System memory in use after: 69.6 MB.

Unloading 33 unused Assets to reduce memory usage. Loaded Objects now: 3327.
Total: 2.955600 ms (FindLiveObjects: 0.218400 ms CreateObjectMapping: 0.095400 ms MarkObjects: 2.606000 ms  DeleteObjects: 0.035500 ms)

AssetImportParameters requested are different than current active one (requested -> active):
  custom:framework-win-MediaFoundation: 216162199b28c13a410421893ffa2e32 -> 
  custom:video-decoder-ogg-theora: a1e56fd34408186e4bbccfd4996cb3dc -> 
  custom:container-muxer-webm: aa71ff27fc2769a1b78a27578f13a17b -> 
  custom:container-demuxer-webm: 4f35f7cbe854078d1ac9338744f61a02 -> 
  custom:container-demuxer-ogg: 62fdf1f143b41e24485cea50d1cbac27 -> 
  custom:video-encoder-webm-vp8: eb34c28f22e8b96e1ab97ce403110664 -> 
  custom:video-decoder-webm-vp8: 9c59270c3fd7afecdb556c50c9e8de78 -> 
  custom:audio-decoder-ogg-vorbis: bf7c407c2cedff20999df2af8eb42d56 -> 
  custom:audio-encoder-webm-vorbis: bf7c407c2cedff20999df2af8eb42d56 -> 
========================================================================
Received Prepare
Refreshing native plugins compatible for Editor in 10.30 ms, found 9 plugins.
Preloading 5 native plugins for Editor in 0.38 ms.
Unloading 33 Unused Serialized files (Serialized files now loaded: 0)
System memory in use before: 69.4 MB.
System memory in use after: 69.6 MB.

Unloading 33 unused Assets to reduce memory usage. Loaded Objects now: 3327.
Total: 3.084500 ms (FindLiveObjects: 0.212000 ms CreateObjectMapping: 0.088000 ms MarkObjects: 2.748000 ms  DeleteObjects: 0.035700 ms)

AssetImportParameters requested are different than current active one (requested -> active):
  custom:framework-win-MediaFoundation: 216162199b28c13a410421893ffa2e32 -> 
  custom:video-decoder-ogg-theora: a1e56fd34408186e4bbccfd4996cb3dc -> 
  custom:container-muxer-webm: aa71ff27fc2769a1b78a27578f13a17b -> 
  custom:container-demuxer-webm: 4f35f7cbe854078d1ac9338744f61a02 -> 
  custom:container-demuxer-ogg: 62fdf1f143b41e24485cea50d1cbac27 -> 
  custom:video-encoder-webm-vp8: eb34c28f22e8b96e1ab97ce403110664 -> 
  custom:video-decoder-webm-vp8: 9c59270c3fd7afecdb556c50c9e8de78 -> 
  custom:audio-decoder-ogg-vorbis: bf7c407c2cedff20999df2af8eb42d56 -> 
  custom:audio-encoder-webm-vorbis: bf7c407c2cedff20999df2af8eb42d56 -> 
========================================================================
Received Prepare
Refreshing native plugins compatible for Editor in 9.23 ms, found 9 plugins.
Preloading 5 native plugins for Editor in 0.37 ms.
Unloading 33 Unused Serialized files (Serialized files now loaded: 0)
System memory in use before: 69.4 MB.
System memory in use after: 69.6 MB.

Unloading 33 unused Assets to reduce memory usage. Loaded Objects now: 3327.
Total: 3.031200 ms (FindLiveObjects: 0.233900 ms CreateObjectMapping: 0.100100 ms MarkObjects: 2.658600 ms  DeleteObjects: 0.038100 ms)

AssetImportParameters requested are different than current active one (requested -> active):
  custom:framework-win-MediaFoundation: 216162199b28c13a410421893ffa2e32 -> 
  custom:video-decoder-ogg-theora: a1e56fd34408186e4bbccfd4996cb3dc -> 
  custom:container-muxer-webm: aa71ff27fc2769a1b78a27578f13a17b -> 
  custom:container-demuxer-webm: 4f35f7cbe854078d1ac9338744f61a02 -> 
  custom:container-demuxer-ogg: 62fdf1f143b41e24485cea50d1cbac27 -> 
  custom:video-encoder-webm-vp8: eb34c28f22e8b96e1ab97ce403110664 -> 
  custom:video-decoder-webm-vp8: 9c59270c3fd7afecdb556c50c9e8de78 -> 
  custom:audio-decoder-ogg-vorbis: bf7c407c2cedff20999df2af8eb42d56 -> 
  custom:audio-encoder-webm-vorbis: bf7c407c2cedff20999df2af8eb42d56 -> 
========================================================================
Received Prepare
Refreshing native plugins compatible for Editor in 9.95 ms, found 9 plugins.
Preloading 5 native plugins for Editor in 0.33 ms.
Unloading 33 Unused Serialized files (Serialized files now loaded: 0)
System memory in use before: 69.4 MB.
System memory in use after: 69.6 MB.

Unloading 33 unused Assets to reduce memory usage. Loaded Objects now: 3327.
Total: 3.053500 ms (FindLiveObjects: 0.206500 ms CreateObjectMapping: 0.087300 ms MarkObjects: 2.724500 ms  DeleteObjects: 0.034500 ms)

AssetImportParameters requested are different than current active one (requested -> active):
  custom:framework-win-MediaFoundation: 216162199b28c13a410421893ffa2e32 -> 
  custom:video-decoder-ogg-theora: a1e56fd34408186e4bbccfd4996cb3dc -> 
  custom:container-muxer-webm: aa71ff27fc2769a1b78a27578f13a17b -> 
  custom:container-demuxer-webm: 4f35f7cbe854078d1ac9338744f61a02 -> 
  custom:container-demuxer-ogg: 62fdf1f143b41e24485cea50d1cbac27 -> 
  custom:video-encoder-webm-vp8: eb34c28f22e8b96e1ab97ce403110664 -> 
  custom:video-decoder-webm-vp8: 9c59270c3fd7afecdb556c50c9e8de78 -> 
  custom:audio-decoder-ogg-vorbis: bf7c407c2cedff20999df2af8eb42d56 -> 
  custom:audio-encoder-webm-vorbis: bf7c407c2cedff20999df2af8eb42d56 -> 
========================================================================
Received Prepare
Refreshing native plugins compatible for Editor in 8.95 ms, found 9 plugins.
Preloading 5 native plugins for Editor in 0.30 ms.
Unloading 33 Unused Serialized files (Serialized files now loaded: 0)
System memory in use before: 69.4 MB.
System memory in use after: 69.6 MB.

Unloading 33 unused Assets to reduce memory usage. Loaded Objects now: 3327.
Total: 3.371000 ms (FindLiveObjects: 0.215100 ms CreateObjectMapping: 0.093100 ms MarkObjects: 3.026200 ms  DeleteObjects: 0.035800 ms)

AssetImportParameters requested are different than current active one (requested -> active):
  custom:framework-win-MediaFoundation: 216162199b28c13a410421893ffa2e32 -> 
  custom:video-decoder-ogg-theora: a1e56fd34408186e4bbccfd4996cb3dc -> 
  custom:container-muxer-webm: aa71ff27fc2769a1b78a27578f13a17b -> 
  custom:container-demuxer-webm: 4f35f7cbe854078d1ac9338744f61a02 -> 
  custom:container-demuxer-ogg: 62fdf1f143b41e24485cea50d1cbac27 -> 
  custom:video-encoder-webm-vp8: eb34c28f22e8b96e1ab97ce403110664 -> 
  custom:video-decoder-webm-vp8: 9c59270c3fd7afecdb556c50c9e8de78 -> 
  custom:audio-decoder-ogg-vorbis: bf7c407c2cedff20999df2af8eb42d56 -> 
  custom:audio-encoder-webm-vorbis: bf7c407c2cedff20999df2af8eb42d56 -> 
========================================================================
Received Import Request.
  Time since last request: 57015.933366 seconds.
  path: Assets/Import/Nightclub/Nightclub.prefab
  artifactKey: Guid(22b66371e86eca047900fba09d4bae5c) Importer(815301076,1909f56bfc062723c751e8b465ee728b)
Start importing Assets/Import/Nightclub/Nightclub.prefab using Guid(22b66371e86eca047900fba09d4bae5c) Importer(815301076,1909f56bfc062723c751e8b465ee728b)  -> (artifact id: '570f885bfa7c6d521412b13ee069dcce') in 0.226703 seconds 
  Import took 0.232983 seconds .

AssetImportWorkerClient::OnTransportError - code=2 error=End of file
